AppMessage/build/app/intermediates/manifest_merge_blame_file/debug/manifest-merger-blame-debug-report.txt
1<?xml version="1.0" encoding="utf-8"?>
2<manifest xmlns:android="http://schemas.android.com/apk/res/android"
3    package="com.fanPage.fanpage"
4    android:versionCode="1"
5    android:versionName="1.0.0" >
6
7    <uses-sdk
8        android:minSdkVersion="19"
9        android:targetSdkVersion="29" />
10    <!--
11         Flutter needs it to communicate with the running application
12         to allow setting breakpoints, to provide hot reload, etc.
13    -->
14    <uses-permission android:name="android.permission.INTERNET" />
14-->src/debug/AndroidManifest.xml:6:5-66
14-->src/debug/AndroidManifest.xml:6:22-64
15    <uses-permission android:name="android.permission.ACCESS_NETWORK_STATE" />
15-->[com.google.firebase:firebase-auth:21.0.1] AndroidManifest.xml:24:5-79
15-->[com.google.firebase:firebase-auth:21.0.1] AndroidManifest.xml:24:22-76
16    <uses-permission android:name="android.permission.WAKE_LOCK" />
16-->[com.google.android.gms:play-services-measurement-api:20.0.2] AndroidManifest.xml:24:5-68
16-->[com.google.android.gms:play-services-measurement-api:20.0.2] AndroidManifest.xml:24:22-65
17    <uses-permission android:name="com.google.android.finsky.permission.BIND_GET_INSTALL_REFERRER_SERVICE" /> <!-- Include required permissions for Advertising Id -->
17-->[com.google.android.gms:play-services-measurement:20.0.2] AndroidManifest.xml:26:5-110
17-->[com.google.android.gms:play-services-measurement:20.0.2] AndroidManifest.xml:26:22-107
18    <uses-permission android:name="com.google.android.gms.permission.AD_ID" />
18-->[com.google.android.gms:play-services-ads-identifier:18.0.0] AndroidManifest.xml:23:5-79
18-->[com.google.android.gms:play-services-ads-identifier:18.0.0] AndroidManifest.xml:23:22-76
19
20    <application
21        android:name="android.app.Application"
22        android:appComponentFactory="androidx.core.app.CoreComponentFactory"
22-->[androidx.core:core:1.6.0] AndroidManifest.xml:24:18-86
23        android:debuggable="true"
24        android:icon="@drawable/background"
25        android:label="fanpage" >
26        <activity
27            android:name="com.fanPage.fanpage.MainActivity"
28            android:configChanges="orientation|keyboardHidden|keyboard|screenSize|smallestScreenSize|locale|layoutDirection|fontScale|screenLayout|density|uiMode"
29            android:exported="true"
30            android:hardwareAccelerated="true"
31            android:launchMode="singleTop"
32            android:theme="@style/LaunchTheme"
33            android:windowSoftInputMode="adjustResize" >
34
35            <!--
36                 Specifies an Android theme to apply to this Activity as soon as
37                 the Android process has started. This theme is visible to the user
38                 while the Flutter UI initializes. After that, this theme continues
39                 to determine the Window background behind the Flutter UI.
40            -->
41            <meta-data
42                android:name="io.flutter.embedding.android.NormalTheme"
43                android:resource="@style/NormalTheme" />
44
45            <intent-filter>
46                <action android:name="android.intent.action.MAIN" />
47
48                <category android:name="android.intent.category.LAUNCHER" />
49            </intent-filter>
50        </activity>
51        <!--
52             Don't delete the meta-data below.
53             This is used by the Flutter tool to generate GeneratedPluginRegistrant.java
54        -->
55        <meta-data
56            android:name="flutterEmbedding"
57            android:value="2" />
58
59        <service
59-->[:firebase_auth] AndroidManifest.xml:8:9-12:19
60            android:name="com.google.firebase.components.ComponentDiscoveryService"
60-->[:firebase_auth] AndroidManifest.xml:8:18-89
61            android:directBootAware="true"
61-->[com.google.firebase:firebase-common:20.0.0] AndroidManifest.xml:35:13-43
62            android:exported="false" >
62-->[com.google.firebase:firebase-auth:21.0.1] AndroidManifest.xml:76:13-37
63            <meta-data
63-->[:firebase_auth] AndroidManifest.xml:9:13-11:85
64                android:name="com.google.firebase.components:io.flutter.plugins.firebase.auth.FlutterFirebaseAuthRegistrar"
64-->[:firebase_auth] AndroidManifest.xml:10:17-124
65                android:value="com.google.firebase.components.ComponentRegistrar" />
65-->[:firebase_auth] AndroidManifest.xml:11:17-82
66            <meta-data
66-->[:firebase_database] AndroidManifest.xml:9:13-11:85
67                android:name="com.google.firebase.components:io.flutter.plugins.firebase.database.FlutterFirebaseAppRegistrar"
67-->[:firebase_database] AndroidManifest.xml:10:17-127
68                android:value="com.google.firebase.components.ComponentRegistrar" />
68-->[:firebase_database] AndroidManifest.xml:11:17-82
69            <meta-data
69-->[:cloud_firestore] AndroidManifest.xml:9:13-11:85
70                android:name="com.google.firebase.components:io.flutter.plugins.firebase.firestore.FlutterFirebaseFirestoreRegistrar"
70-->[:cloud_firestore] AndroidManifest.xml:10:17-134
71                android:value="com.google.firebase.components.ComponentRegistrar" />
71-->[:cloud_firestore] AndroidManifest.xml:11:17-82
72            <meta-data
72-->[:firebase_core] AndroidManifest.xml:9:13-11:85
73                android:name="com.google.firebase.components:io.flutter.plugins.firebase.core.FlutterFirebaseCoreRegistrar"
73-->[:firebase_core] AndroidManifest.xml:10:17-124
74                android:value="com.google.firebase.components.ComponentRegistrar" />
74-->[:firebase_core] AndroidManifest.xml:11:17-82
75            <meta-data
75-->[com.google.firebase:firebase-auth:21.0.1] AndroidManifest.xml:77:13-79:85
76                android:name="com.google.firebase.components:com.google.firebase.auth.FirebaseAuthRegistrar"
76-->[com.google.firebase:firebase-auth:21.0.1] AndroidManifest.xml:78:17-109
77                android:value="com.google.firebase.components.ComponentRegistrar" />
77-->[com.google.firebase:firebase-auth:21.0.1] AndroidManifest.xml:79:17-82
78            <meta-data
78-->[com.google.firebase:firebase-firestore:24.0.1] AndroidManifest.xml:20:13-22:85
79                android:name="com.google.firebase.components:com.google.firebase.firestore.FirestoreRegistrar"
79-->[com.google.firebase:firebase-firestore:24.0.1] AndroidManifest.xml:21:17-111
80                android:value="com.google.firebase.components.ComponentRegistrar" />
80-->[com.google.firebase:firebase-firestore:24.0.1] AndroidManifest.xml:22:17-82
81            <meta-data
81-->[com.google.firebase:firebase-database:20.0.3] AndroidManifest.xml:32:13-34:85
82                android:name="com.google.firebase.components:com.google.firebase.database.DatabaseRegistrar"
82-->[com.google.firebase:firebase-database:20.0.3] AndroidManifest.xml:33:17-109
83                android:value="com.google.firebase.components.ComponentRegistrar" />
83-->[com.google.firebase:firebase-database:20.0.3] AndroidManifest.xml:34:17-82
84            <meta-data
84-->[com.google.android.gms:play-services-measurement-api:20.0.2] AndroidManifest.xml:30:13-32:85
85                android:name="com.google.firebase.components:com.google.firebase.analytics.connector.internal.AnalyticsConnectorRegistrar"
85-->[com.google.android.gms:play-services-measurement-api:20.0.2] AndroidManifest.xml:31:17-139
86                android:value="com.google.firebase.components.ComponentRegistrar" />
86-->[com.google.android.gms:play-services-measurement-api:20.0.2] AndroidManifest.xml:32:17-82
87            <meta-data
87-->[com.google.firebase:firebase-installations:17.0.0] AndroidManifest.xml:18:13-20:85
88                android:name="com.google.firebase.components:com.google.firebase.installations.FirebaseInstallationsRegistrar"
88-->[com.google.firebase:firebase-installations:17.0.0] AndroidManifest.xml:19:17-127
89                android:value="com.google.firebase.components.ComponentRegistrar" />
89-->[com.google.firebase:firebase-installations:17.0.0] AndroidManifest.xml:20:17-82
90        </service>
91
92        <uses-library
92-->[androidx.window:window:1.0.0-beta04] AndroidManifest.xml:25:9-27:40
93            android:name="androidx.window.extensions"
93-->[androidx.window:window:1.0.0-beta04] AndroidManifest.xml:26:13-54
94            android:required="false" />
94-->[androidx.window:window:1.0.0-beta04] AndroidManifest.xml:27:13-37
95        <uses-library
95-->[androidx.window:window:1.0.0-beta04] AndroidManifest.xml:28:9-30:40
96            android:name="androidx.window.sidecar"
96-->[androidx.window:window:1.0.0-beta04] AndroidManifest.xml:29:13-51
97            android:required="false" />
97-->[androidx.window:window:1.0.0-beta04] AndroidManifest.xml:30:13-37
98
99        <activity
99-->[com.google.firebase:firebase-auth:21.0.1] AndroidManifest.xml:27:9-44:20
100            android:name="com.google.firebase.auth.internal.GenericIdpActivity"
100-->[com.google.firebase:firebase-auth:21.0.1] AndroidManifest.xml:28:13-80
101            android:excludeFromRecents="true"
101-->[com.google.firebase:firebase-auth:21.0.1] AndroidManifest.xml:29:13-46
102            android:exported="true"
102-->[com.google.firebase:firebase-auth:21.0.1] AndroidManifest.xml:30:13-36
103            android:launchMode="singleTask"
103-->[com.google.firebase:firebase-auth:21.0.1] AndroidManifest.xml:31:13-44
104            android:theme="@android:style/Theme.Translucent.NoTitleBar" >
104-->[com.google.firebase:firebase-auth:21.0.1] AndroidManifest.xml:32:13-72
105            <intent-filter>
105-->[com.google.firebase:firebase-auth:21.0.1] AndroidManifest.xml:33:13-43:29
106                <action android:name="android.intent.action.VIEW" />
106-->[com.google.firebase:firebase-auth:21.0.1] AndroidManifest.xml:34:17-69
106-->[com.google.firebase:firebase-auth:21.0.1] AndroidManifest.xml:34:25-66
107
108                <category android:name="android.intent.category.DEFAULT" />
108-->[com.google.firebase:firebase-auth:21.0.1] AndroidManifest.xml:36:17-76
108-->[com.google.firebase:firebase-auth:21.0.1] AndroidManifest.xml:36:27-73
109                <category android:name="android.intent.category.BROWSABLE" />
109-->[com.google.firebase:firebase-auth:21.0.1] AndroidManifest.xml:37:17-78
109-->[com.google.firebase:firebase-auth:21.0.1] AndroidManifest.xml:37:27-75
110
111                <data
111-->[com.google.firebase:firebase-auth:21.0.1] AndroidManifest.xml:39:17-42:51
112                    android:host="firebase.auth"
112-->[com.google.firebase:firebase-auth:21.0.1] AndroidManifest.xml:40:21-49
113                    android:path="/"
113-->[com.google.firebase:firebase-auth:21.0.1] AndroidManifest.xml:41:21-37
114                    android:scheme="genericidp" />
114-->[com.google.firebase:firebase-auth:21.0.1] AndroidManifest.xml:42:21-48
115            </intent-filter>
116        </activity>
117        <activity
117-->[com.google.firebase:firebase-auth:21.0.1] AndroidManifest.xml:45:9-62:20
118            android:name="com.google.firebase.auth.internal.RecaptchaActivity"
118-->[com.google.firebase:firebase-auth:21.0.1] AndroidManifest.xml:46:13-79
119            android:excludeFromRecents="true"
119-->[com.google.firebase:firebase-auth:21.0.1] AndroidManifest.xml:47:13-46
120            android:exported="true"
120-->[com.google.firebase:firebase-auth:21.0.1] AndroidManifest.xml:48:13-36
121            android:launchMode="singleTask"
121-->[com.google.firebase:firebase-auth:21.0.1] AndroidManifest.xml:49:13-44
122            android:theme="@android:style/Theme.Translucent.NoTitleBar" >
122-->[com.google.firebase:firebase-auth:21.0.1] AndroidManifest.xml:50:13-72
123            <intent-filter>
123-->[com.google.firebase:firebase-auth:21.0.1] AndroidManifest.xml:51:13-61:29
124                <action android:name="android.intent.action.VIEW" />
124-->[com.google.firebase:firebase-auth:21.0.1] AndroidManifest.xml:34:17-69
124-->[com.google.firebase:firebase-auth:21.0.1] AndroidManifest.xml:34:25-66
125
126                <category android:name="android.intent.category.DEFAULT" />
126-->[com.google.firebase:firebase-auth:21.0.1] AndroidManifest.xml:36:17-76
126-->[com.google.firebase:firebase-auth:21.0.1] AndroidManifest.xml:36:27-73
127                <category android:name="android.intent.category.BROWSABLE" />
127-->[com.google.firebase:firebase-auth:21.0.1] AndroidManifest.xml:37:17-78
127-->[com.google.firebase:firebase-auth:21.0.1] AndroidManifest.xml:37:27-75
128
129                <data
129-->[com.google.firebase:firebase-auth:21.0.1] AndroidManifest.xml:39:17-42:51
130                    android:host="firebase.auth"
130-->[com.google.firebase:firebase-auth:21.0.1] AndroidManifest.xml:40:21-49
131                    android:path="/"
131-->[com.google.firebase:firebase-auth:21.0.1] AndroidManifest.xml:41:21-37
132                    android:scheme="recaptcha" />
132-->[com.google.firebase:firebase-auth:21.0.1] AndroidManifest.xml:42:21-48
133            </intent-filter>
134        </activity>
135
136        <service
136-->[com.google.firebase:firebase-auth:21.0.1] AndroidManifest.xml:64:9-73:19
137            android:name="com.google.firebase.auth.api.fallback.service.FirebaseAuthFallbackService"
137-->[com.google.firebase:firebase-auth:21.0.1] AndroidManifest.xml:65:13-101
138            android:enabled="true"
138-->[com.google.firebase:firebase-auth:21.0.1] AndroidManifest.xml:66:13-35
139            android:exported="false" >
139-->[com.google.firebase:firebase-auth:21.0.1] AndroidManifest.xml:67:13-37
140            <intent-filter>
140-->[com.google.firebase:firebase-auth:21.0.1] AndroidManifest.xml:68:13-72:29
141                <action android:name="com.google.firebase.auth.api.gms.service.START" />
141-->[com.google.firebase:firebase-auth:21.0.1] AndroidManifest.xml:69:17-89
141-->[com.google.firebase:firebase-auth:21.0.1] AndroidManifest.xml:69:25-86
142
143                <category android:name="android.intent.category.DEFAULT" />
143-->[com.google.firebase:firebase-auth:21.0.1] AndroidManifest.xml:36:17-76
143-->[com.google.firebase:firebase-auth:21.0.1] AndroidManifest.xml:36:27-73
144            </intent-filter>
145        </service>
146
147        <provider
147-->[com.google.firebase:firebase-common:20.0.0] AndroidManifest.xml:26:9-31:39
148            android:name="com.google.firebase.provider.FirebaseInitProvider"
148-->[com.google.firebase:firebase-common:20.0.0] AndroidManifest.xml:27:13-77
149            android:authorities="com.fanPage.fanpage.firebaseinitprovider"
149-->[com.google.firebase:firebase-common:20.0.0] AndroidManifest.xml:28:13-72
150            android:directBootAware="true"
150-->[com.google.firebase:firebase-common:20.0.0] AndroidManifest.xml:29:13-43
151            android:exported="false"
151-->[com.google.firebase:firebase-common:20.0.0] AndroidManifest.xml:30:13-37
152            android:initOrder="100" />
152-->[com.google.firebase:firebase-common:20.0.0] AndroidManifest.xml:31:13-36
153
154        <activity
154-->[com.google.android.gms:play-services-auth:16.0.1] AndroidManifest.xml:23:9-27:75
155            android:name="com.google.android.gms.auth.api.signin.internal.SignInHubActivity"
155-->[com.google.android.gms:play-services-auth:16.0.1] AndroidManifest.xml:24:13-93
156            android:excludeFromRecents="true"
156-->[com.google.android.gms:play-services-auth:16.0.1] AndroidManifest.xml:25:13-46
157            android:exported="false"
157-->[com.google.android.gms:play-services-auth:16.0.1] AndroidManifest.xml:26:13-37
158            android:theme="@android:style/Theme.Translucent.NoTitleBar" />
158-->[com.google.android.gms:play-services-auth:16.0.1] AndroidManifest.xml:27:13-72
159        <!--
160            Service handling Google Sign-In user revocation. For apps that do not integrate with
161            Google Sign-In, this service will never be started.
162        -->
163        <service
163-->[com.google.android.gms:play-services-auth:16.0.1] AndroidManifest.xml:33:9-36:110
164            android:name="com.google.android.gms.auth.api.signin.RevocationBoundService"
164-->[com.google.android.gms:play-services-auth:16.0.1] AndroidManifest.xml:34:13-89
165            android:exported="true"
165-->[com.google.android.gms:play-services-auth:16.0.1] AndroidManifest.xml:35:13-36
166            android:permission="com.google.android.gms.auth.api.signin.permission.REVOCATION_NOTIFICATION" />
166-->[com.google.android.gms:play-services-auth:16.0.1] AndroidManifest.xml:36:13-107
167
168        <activity
168-->[com.google.android.gms:play-services-base:17.1.0] AndroidManifest.xml:23:9-26:75
169            android:name="com.google.android.gms.common.api.GoogleApiActivity"
169-->[com.google.android.gms:play-services-base:17.1.0] AndroidManifest.xml:24:13-79
170            android:exported="false"
170-->[com.google.android.gms:play-services-base:17.1.0] AndroidManifest.xml:25:13-37
171            android:theme="@android:style/Theme.Translucent.NoTitleBar" />
171-->[com.google.android.gms:play-services-base:17.1.0] AndroidManifest.xml:26:13-72
172
173        <receiver
173-->[com.google.android.gms:play-services-measurement:20.0.2] AndroidManifest.xml:29:9-33:20
174            android:name="com.google.android.gms.measurement.AppMeasurementReceiver"
174-->[com.google.android.gms:play-services-measurement:20.0.2] AndroidManifest.xml:30:13-85
175            android:enabled="true"
175-->[com.google.android.gms:play-services-measurement:20.0.2] AndroidManifest.xml:31:13-35
176            android:exported="false" >
176-->[com.google.android.gms:play-services-measurement:20.0.2] AndroidManifest.xml:32:13-37
177        </receiver>
178
179        <service
179-->[com.google.android.gms:play-services-measurement:20.0.2] AndroidManifest.xml:35:9-38:40
180            android:name="com.google.android.gms.measurement.AppMeasurementService"
180-->[com.google.android.gms:play-services-measurement:20.0.2] AndroidManifest.xml:36:13-84
181            android:enabled="true"
181-->[com.google.android.gms:play-services-measurement:20.0.2] AndroidManifest.xml:37:13-35
182            android:exported="false" />
182-->[com.google.android.gms:play-services-measurement:20.0.2] AndroidManifest.xml:38:13-37
183        <service
183-->[com.google.android.gms:play-services-measurement:20.0.2] AndroidManifest.xml:39:9-43:72
184            android:name="com.google.android.gms.measurement.AppMeasurementJobService"
184-->[com.google.android.gms:play-services-measurement:20.0.2] AndroidManifest.xml:40:13-87
185            android:enabled="true"
185-->[com.google.android.gms:play-services-measurement:20.0.2] AndroidManifest.xml:41:13-35
186            android:exported="false"
186-->[com.google.android.gms:play-services-measurement:20.0.2] AndroidManifest.xml:42:13-37
187            android:permission="android.permission.BIND_JOB_SERVICE" />
187-->[com.google.android.gms:play-services-measurement:20.0.2] AndroidManifest.xml:43:13-69
188
189        <meta-data
189-->[com.google.android.gms:play-services-basement:18.0.0] AndroidManifest.xml:21:9-23:69
190            android:name="com.google.android.gms.version"
190-->[com.google.android.gms:play-services-basement:18.0.0] AndroidManifest.xml:22:13-58
191            android:value="@integer/google_play_services_version" />
191-->[com.google.android.gms:play-services-basement:18.0.0] AndroidManifest.xml:23:13-66
192    </application>
193
194</manifest>